{
  "RSpec": {
    "coverage": {
      "/home/dev/Downloads/DEvsinc Training/RAILS TRAINING/Bugzilla_app/app/models/user.rb": {
        "lines": [
          null,
          null,
          1,
          1,
          null,
          1,
          1,
          null,
          1,
          1,
          1,
          null
        ]
      },
      "/home/dev/Downloads/DEvsinc Training/RAILS TRAINING/Bugzilla_app/app/models/application_record.rb": {
        "lines": [
          null,
          null,
          1,
          1,
          null
        ]
      },
      "/home/dev/Downloads/DEvsinc Training/RAILS TRAINING/Bugzilla_app/app/helpers/application_helper.rb": {
        "lines": [
          null,
          null,
          1,
          null
        ]
      },
      "/home/dev/Downloads/DEvsinc Training/RAILS TRAINING/Bugzilla_app/app/helpers/bugs_helper.rb": {
        "lines": [
          null,
          null,
          1,
          null
        ]
      },
      "/home/dev/Downloads/DEvsinc Training/RAILS TRAINING/Bugzilla_app/app/helpers/home_helper.rb": {
        "lines": [
          null,
          null,
          1,
          null
        ]
      },
      "/home/dev/Downloads/DEvsinc Training/RAILS TRAINING/Bugzilla_app/app/helpers/projects_helper.rb": {
        "lines": [
          null,
          null,
          1,
          null
        ]
      },
      "/home/dev/Downloads/DEvsinc Training/RAILS TRAINING/Bugzilla_app/app/controllers/projects_controller.rb": {
        "lines": [
          null,
          null,
          1,
          1,
          1,
          1,
          1,
          1,
          null,
          1,
          3,
          null,
          null,
          1,
          1,
          null,
          null,
          1,
          2,
          2,
          2,
          1,
          2,
          null,
          2,
          null,
          null,
          null,
          null,
          1,
          2,
          2,
          2,
          null,
          2,
          null,
          null,
          null,
          null,
          1,
          1,
          null,
          1,
          2,
          null,
          null,
          null,
          1,
          1,
          1,
          null,
          null,
          1,
          1,
          null,
          1,
          1,
          2,
          1,
          null,
          null,
          null,
          1,
          1,
          null,
          1,
          1,
          2,
          1,
          null,
          null,
          null,
          1,
          null,
          1,
          6,
          6,
          null,
          null,
          1,
          4,
          null,
          null,
          1,
          2,
          null,
          null,
          1,
          11,
          null,
          null
        ]
      },
      "/home/dev/Downloads/DEvsinc Training/RAILS TRAINING/Bugzilla_app/app/controllers/application_controller.rb": {
        "lines": [
          null,
          null,
          1,
          1,
          null,
          1,
          null,
          1,
          1,
          1,
          null,
          1,
          null,
          1,
          null,
          1,
          0,
          0,
          null,
          null,
          1,
          null,
          1,
          0,
          null,
          0,
          0,
          null,
          null,
          null,
          1,
          0,
          0,
          null,
          null,
          1,
          3,
          null,
          null,
          1,
          0,
          null,
          null,
          1,
          0,
          null,
          null
        ]
      },
      "/home/dev/Downloads/DEvsinc Training/RAILS TRAINING/Bugzilla_app/app/models/project.rb": {
        "lines": [
          null,
          null,
          1,
          1,
          1,
          1,
          1,
          1,
          1,
          1,
          1,
          null,
          1,
          1,
          null,
          2,
          null
        ]
      },
      "/home/dev/Downloads/DEvsinc Training/RAILS TRAINING/Bugzilla_app/app/policies/project_policy.rb": {
        "lines": [
          null,
          null,
          1,
          1,
          1,
          3,
          3,
          0,
          0,
          null,
          null,
          null,
          null,
          1,
          0,
          0,
          null,
          0,
          0,
          null,
          null,
          null,
          1,
          0,
          null,
          null,
          1,
          3,
          null,
          null,
          1,
          2,
          null,
          null,
          1,
          4,
          null,
          null,
          1,
          1,
          null,
          null,
          1,
          1,
          null,
          null,
          1,
          1,
          null,
          null,
          1,
          1,
          null,
          null
        ]
      },
      "/home/dev/Downloads/DEvsinc Training/RAILS TRAINING/Bugzilla_app/app/policies/application_policy.rb": {
        "lines": [
          null,
          null,
          1,
          1,
          null,
          1,
          9,
          9,
          null,
          null,
          1,
          0,
          null,
          null,
          1,
          0,
          null,
          null,
          1,
          0,
          null,
          null,
          1,
          0,
          null,
          null,
          1,
          0,
          null,
          null,
          1,
          0,
          null,
          null,
          1,
          0,
          null,
          null,
          1,
          1,
          null,
          1,
          3,
          3,
          null,
          null,
          1,
          0,
          null,
          null,
          null
        ]
      },
      "/home/dev/Downloads/DEvsinc Training/RAILS TRAINING/Bugzilla_app/app/models/project_user.rb": {
        "lines": [
          null,
          null,
          1,
          1,
          1,
          null
        ]
      },
      "/home/dev/Downloads/DEvsinc Training/RAILS TRAINING/Bugzilla_app/app/models/project_manager.rb": {
        "lines": [
          null,
          null,
          1,
          null
        ]
      },
      "/home/dev/Downloads/DEvsinc Training/RAILS TRAINING/Bugzilla_app/app/models/project_developer.rb": {
        "lines": [
          null,
          null,
          1,
          null
        ]
      },
      "/home/dev/Downloads/DEvsinc Training/RAILS TRAINING/Bugzilla_app/app/models/project_qa.rb": {
        "lines": [
          null,
          null,
          1,
          null
        ]
      },
      "/home/dev/Downloads/DEvsinc Training/RAILS TRAINING/Bugzilla_app/app/models/bug.rb": {
        "lines": [
          null,
          null,
          1,
          1,
          1,
          1,
          1,
          1,
          1,
          1,
          null,
          1,
          0,
          0,
          null,
          null,
          1,
          0,
          null,
          0,
          null,
          null
        ]
      },
      "/home/dev/Downloads/DEvsinc Training/RAILS TRAINING/Bugzilla_app/app/mailers/application_mailer.rb": {
        "lines": [
          null,
          null,
          0,
          0,
          0,
          0
        ],
        "branches": {
        }
      },
      "/home/dev/Downloads/DEvsinc Training/RAILS TRAINING/Bugzilla_app/app/policies/bug_policy.rb": {
        "lines": [
          null,
          null,
          0,
          0,
          0,
          0,
          0,
          null,
          0,
          0,
          0,
          null,
          0,
          0,
          0,
          null,
          0,
          0,
          0,
          0
        ],
        "branches": {
        }
      },
      "/home/dev/Downloads/DEvsinc Training/RAILS TRAINING/Bugzilla_app/app/controllers/bugs_controller.rb": {
        "lines": [
          null,
          null,
          0,
          0,
          0,
          0,
          0,
          null,
          0,
          0,
          0,
          0,
          null,
          0,
          0,
          0,
          null,
          0,
          0,
          0,
          null,
          0,
          0,
          0,
          0,
          0,
          0,
          0,
          0,
          null,
          0,
          0,
          0,
          0,
          0,
          0,
          0,
          0,
          0,
          null,
          0,
          null,
          0,
          0,
          0,
          null,
          0,
          0,
          0,
          null,
          0,
          0,
          0,
          null,
          0,
          0,
          0,
          null,
          0,
          0,
          0,
          0
        ],
        "branches": {
        }
      },
      "/home/dev/Downloads/DEvsinc Training/RAILS TRAINING/Bugzilla_app/app/controllers/home_controller.rb": {
        "lines": [
          null,
          null,
          0,
          0
        ],
        "branches": {
        }
      },
      "/home/dev/Downloads/DEvsinc Training/RAILS TRAINING/Bugzilla_app/app/jobs/application_job.rb": {
        "lines": [
          null,
          null,
          0,
          0
        ],
        "branches": {
        }
      },
      "/home/dev/Downloads/DEvsinc Training/RAILS TRAINING/Bugzilla_app/app/channels/application_cable/connection.rb": {
        "lines": [
          null,
          null,
          0,
          0,
          0,
          0
        ],
        "branches": {
        }
      },
      "/home/dev/Downloads/DEvsinc Training/RAILS TRAINING/Bugzilla_app/app/channels/application_cable/channel.rb": {
        "lines": [
          null,
          null,
          0,
          0,
          0,
          0
        ],
        "branches": {
        }
      }
    },
    "timestamp": 1659018856
  }
}
